<?xml version="1.0" encoding="UTF-8" ?>
<testsuite failures="0" time="0.01" errors="0" skipped="0" tests="12" name="org.jasig.cas.client.configuration.WebXmlConfigurationStrategyImplTests">
  <properties>
[...]
</properties>
  <testcase time="0.001" classname="org.jasig.cas.client.configuration.WebXmlConfigurationStrategyImplTests" name="noKeyFoundGetDefaultForBoolean"/>
  <testcase time="0" classname="org.jasig.cas.client.configuration.WebXmlConfigurationStrategyImplTests" name="noKeyFoundGetDefaultForString"/>
  <testcase time="0.001" classname="org.jasig.cas.client.configuration.WebXmlConfigurationStrategyImplTests" name="noKeyFoundGetDefaultForLong"/>
  <testcase time="0.001" classname="org.jasig.cas.client.configuration.WebXmlConfigurationStrategyImplTests" name="noKeyFoundGetDefaultForInt"/>
  <testcase time="0" classname="org.jasig.cas.client.configuration.WebXmlConfigurationStrategyImplTests" name="filterConfigValueForBoolean"/>
  <testcase time="0" classname="org.jasig.cas.client.configuration.WebXmlConfigurationStrategyImplTests" name="filterConfigValueForString"/>
  <testcase time="0.001" classname="org.jasig.cas.client.configuration.WebXmlConfigurationStrategyImplTests" name="filterConfigValueForLong"/>
  <testcase time="0" classname="org.jasig.cas.client.configuration.WebXmlConfigurationStrategyImplTests" name="filterConfigValueForInt"/>
  <testcase time="0" classname="org.jasig.cas.client.configuration.WebXmlConfigurationStrategyImplTests" name="servletConfigValueForBoolean"/>
  <testcase time="0" classname="org.jasig.cas.client.configuration.WebXmlConfigurationStrategyImplTests" name="servletConfigValueForString"/>
  <testcase time="0" classname="org.jasig.cas.client.configuration.WebXmlConfigurationStrategyImplTests" name="servletConfigValueForLong"/>
  <testcase time="0" classname="org.jasig.cas.client.configuration.WebXmlConfigurationStrategyImplTests" name="servletConfigValueForInt"/>
</testsuite>